<?xml version="1.0" encoding="UTF-8"?>
<testng-results skipped="0" failed="0" total="1" passed="1">
  <reporter-output>
  </reporter-output>
  <suite name="Default suite" duration-ms="20" started-at="2015-06-21T22:16:05Z" finished-at="2015-06-21T22:16:05Z">
    <groups>
    </groups>
    <test name="Default test" duration-ms="20" started-at="2015-06-21T22:16:05Z" finished-at="2015-06-21T22:16:05Z">
      <class name="com.tab.test.TestClass">
        <test-method status="PASS" signature="TestMethod()[pri:0, instance:com.tab.test.TestClass@12ada9e9]" name="TestMethod" duration-ms="9" started-at="2015-06-22T08:16:05Z" finished-at="2015-06-22T08:16:05Z">
          <reporter-output>
          </reporter-output>
        </test-method> <!-- TestMethod -->
      </class> <!-- com.tab.test.TestClass -->
    </test> <!-- Default test -->
  </suite> <!-- Default suite -->
</testng-results>
