<?xml version="1.0" encoding="UTF-8"?>
<testng-results skipped="0" failed="0" total="1" passed="1">
  <reporter-output>
  </reporter-output>
  <suite name="com.tab.test.TestClass" duration-ms="31" started-at="2015-06-22T02:38:06Z" finished-at="2015-06-22T02:38:06Z">
    <groups>
    </groups>
    <test name="Command line test" duration-ms="31" started-at="2015-06-22T02:38:06Z" finished-at="2015-06-22T02:38:06Z">
      <class name="com.tab.test.TestClass">
        <test-method status="PASS" signature="BeforeMethod()[pri:0, instance:com.tab.test.TestClass@58d6147e]" name="BeforeMethod" is-config="true" duration-ms="10" started-at="2015-06-22T12:38:06Z" finished-at="2015-06-22T12:38:06Z">
          <reporter-output>
          </reporter-output>
        </test-method> <!-- BeforeMethod -->
        <test-method status="PASS" signature="TestMethod()[pri:0, instance:com.tab.test.TestClass@58d6147e]" name="TestMethod" duration-ms="1" started-at="2015-06-22T12:38:06Z" finished-at="2015-06-22T12:38:06Z">
          <reporter-output>
          </reporter-output>
        </test-method> <!-- TestMethod -->
        <test-method status="PASS" signature="AfterMethod()[pri:0, instance:com.tab.test.TestClass@58d6147e]" name="AfterMethod" is-config="true" duration-ms="0" started-at="2015-06-22T12:38:06Z" finished-at="2015-06-22T12:38:06Z">
          <reporter-output>
          </reporter-output>
        </test-method> <!-- AfterMethod -->
      </class> <!-- com.tab.test.TestClass -->
    </test> <!-- Command line test -->
  </suite> <!-- com.tab.test.TestClass -->
</testng-results>
